<?xml version="1.0" encoding="UTF-8"?>
<!-- Generated by org.testng.reporters.JUnitReportReporter -->
<testsuite hostname="DESKTOP-IP1CP8U" failures="0" tests="1" name="DataProviders.DataSupplier" time="2.004" errors="0" timestamp="2024-06-02T19:47:03 PDT" skipped="0">
  <testcase classname="DataProviders.DataSupplier" name="excelDS" time="2.004"/>
  <system-out/>
</testsuite> <!-- DataProviders.DataSupplier -->
